[09:08:34][lexer.cpp:277]: File 'mod/1sr-update-test.mod' should be in utf8-bom encoding (will try to use it anyways)
[09:08:34][lexer.cpp:277]: File 'mod/build_upgraded.mod' should be in utf8-bom encoding (will try to use it anyways)
[09:08:34][lexer.cpp:277]: File 'mod/compatibility-patch-exoverhaul-asbm.mod' should be in utf8-bom encoding (will try to use it anyways)
[09:08:34][lexer.cpp:277]: File 'mod/compatibility-patch-exoverhaul-designable-stations.mod' should be in utf8-bom encoding (will try to use it anyways)
[09:08:34][lexer.cpp:277]: File 'mod/compatibility-patch-exoverhaul-dreadnought-flagship.mod' should be in utf8-bom encoding (will try to use it anyways)
[09:08:34][lexer.cpp:277]: File 'mod/compatibility-patch-exoverhaul-isb.mod' should be in utf8-bom encoding (will try to use it anyways)
[09:08:34][lexer.cpp:277]: File 'mod/compatibility-patch-exoverhaul-legendofgalacticheroes.mod' should be in utf8-bom encoding (will try to use it anyways)
[09:08:34][lexer.cpp:277]: File 'mod/compatibility-patch-exoverhaul-mem.mod' should be in utf8-bom encoding (will try to use it anyways)
[09:08:34][lexer.cpp:277]: File 'mod/compatibility-patch-exoverhaul-nsc.mod' should be in utf8-bom encoding (will try to use it anyways)
[09:08:34][lexer.cpp:277]: File 'mod/compatibility-patch-exoverhaul-realistic-ships.mod' should be in utf8-bom encoding (will try to use it anyways)
[09:08:34][lexer.cpp:277]: File 'mod/compatibility-patch-exoverhaul-scx.mod' should be in utf8-bom encoding (will try to use it anyways)
[09:08:34][lexer.cpp:277]: File 'mod/compatibility-patch-exoverhaul-uberdreadnought.mod' should be in utf8-bom encoding (will try to use it anyways)
[09:08:34][lexer.cpp:277]: File 'mod/compatibility-patch-exoverhaul-useful-stations.mod' should be in utf8-bom encoding (will try to use it anyways)
[09:08:34][lexer.cpp:277]: File 'mod/exoverhaul-armies.mod' should be in utf8-bom encoding (will try to use it anyways)
[09:08:34][lexer.cpp:277]: File 'mod/exoverhaul-ascension-perks_and_ai.mod' should be in utf8-bom encoding (will try to use it anyways)
[09:08:34][lexer.cpp:277]: File 'mod/exoverhaul-buildings.mod' should be in utf8-bom encoding (will try to use it anyways)
[09:08:34][lexer.cpp:277]: File 'mod/exoverhaul-buildings_UB_extension.mod' should be in utf8-bom encoding (will try to use it anyways)
[09:08:34][lexer.cpp:277]: File 'mod/exoverhaul-components-and-weapons.mod' should be in utf8-bom encoding (will try to use it anyways)
[09:08:34][lexer.cpp:277]: File 'mod/exoverhaul-cybertronic-worlds.mod' should be in utf8-bom encoding (will try to use it anyways)
[09:08:34][lexer.cpp:277]: File 'mod/exoverhaul-edicts.mod' should be in utf8-bom encoding (will try to use it anyways)
[09:08:34][lexer.cpp:277]: File 'mod/exoverhaul-ethics-and-government.mod' should be in utf8-bom encoding (will try to use it anyways)
[09:08:34][lexer.cpp:277]: File 'mod/exoverhaul-ftl.mod' should be in utf8-bom encoding (will try to use it anyways)
[09:08:34][lexer.cpp:277]: File 'mod/exoverhaul-gaia-and-terraforming.mod' should be in utf8-bom encoding (will try to use it anyways)
[09:08:34][lexer.cpp:277]: File 'mod/exoverhaul-leviathans.mod' should be in utf8-bom encoding (will try to use it anyways)
[09:08:34][lexer.cpp:277]: File 'mod/exoverhaul-planets-enhanced.mod' should be in utf8-bom encoding (will try to use it anyways)
[09:08:34][lexer.cpp:277]: File 'mod/exoverhaul-reworked-buildings-and-ai.mod' should be in utf8-bom encoding (will try to use it anyways)
[09:08:34][lexer.cpp:277]: File 'mod/exoverhaul-ringworlds.mod' should be in utf8-bom encoding (will try to use it anyways)
[09:08:34][lexer.cpp:277]: File 'mod/exoverhaul-robots-and-machines.mod' should be in utf8-bom encoding (will try to use it anyways)
[09:08:34][lexer.cpp:277]: File 'mod/exoverhaul-sectors.mod' should be in utf8-bom encoding (will try to use it anyways)
[09:08:34][lexer.cpp:277]: File 'mod/exoverhaul-ships-and-stations.mod' should be in utf8-bom encoding (will try to use it anyways)
[09:08:34][lexer.cpp:277]: File 'mod/exoverhaul-strategic-resources.mod' should be in utf8-bom encoding (will try to use it anyways)
[09:08:34][lexer.cpp:277]: File 'mod/exoverhaul-technology-and-ai.mod' should be in utf8-bom encoding (will try to use it anyways)
[09:08:34][lexer.cpp:277]: File 'mod/exoverhaul-tomb-worlds.mod' should be in utf8-bom encoding (will try to use it anyways)
[09:08:34][lexer.cpp:277]: File 'mod/exoverhaul-traditions-and-ai.mod' should be in utf8-bom encoding (will try to use it anyways)
[09:08:34][lexer.cpp:277]: File 'mod/exoverhaul-traits-and-leaders.mod' should be in utf8-bom encoding (will try to use it anyways)
[09:08:34][lexer.cpp:277]: File 'mod/exoverhaul-tweaks.mod' should be in utf8-bom encoding (will try to use it anyways)
[09:08:34][lexer.cpp:277]: File 'mod/exoverhaul-unique-strategic-resources.mod' should be in utf8-bom encoding (will try to use it anyways)
[09:08:34][lexer.cpp:277]: File 'mod/lab-submod.mod' should be in utf8-bom encoding (will try to use it anyways)
[09:08:34][lexer.cpp:277]: File 'mod/reworked-buildings-and-ai.mod' should be in utf8-bom encoding (will try to use it anyways)
[09:08:34][lexer.cpp:277]: File 'mod/test-mod.mod' should be in utf8-bom encoding (will try to use it anyways)
[09:09:19][texturehandler.cpp:171]: Texture Handler encountered missing texture file: gfx/interface/icons/ship_parts/ship_part_targeting_optronics_3.dds
[09:09:19][texturehandler.cpp:317]: Couldn't find texture file: gfx/interface/icons/ship_parts/ship_part_targeting_optronics_3.dds.
[09:09:19][spritetype.cpp:316]: Error initialising texture: gfx/interface/icons/ship_parts/ship_part_targeting_optronics_3.dds for spritetype GFX_ship_part_targeting_optronics_3
[09:09:20][texturehandler.cpp:171]: Texture Handler encountered missing texture file: gfx/interface/icons/ship_parts/ship_part_aura_combat_wasps_3.dds
[09:09:20][texturehandler.cpp:317]: Couldn't find texture file: gfx/interface/icons/ship_parts/ship_part_aura_combat_wasps_3.dds.
[09:09:20][spritetype.cpp:316]: Error initialising texture: gfx/interface/icons/ship_parts/ship_part_aura_combat_wasps_3.dds for spritetype GFX_ship_part_aura_combat_wasps_3
[09:09:43][texturehandler.cpp:171]: Texture Handler encountered missing texture file: gfx/interface/icons/ship_parts/ship_part_shield_recharger_3.dds
[09:09:43][texturehandler.cpp:317]: Couldn't find texture file: gfx/interface/icons/ship_parts/ship_part_shield_recharger_3.dds.
[09:09:43][spritetype.cpp:316]: Error initialising texture: gfx/interface/icons/ship_parts/ship_part_shield_recharger_3.dds for spritetype GFX_ship_part_shield_recharger_3
[09:10:15][technology.cpp:1171]: Duplicate technology: tech_strike_craft_1
[09:10:15][technology.cpp:1171]: Duplicate technology: tech_strike_craft_2
[09:10:15][technology.cpp:1171]: Duplicate technology: tech_strike_craft_3
[09:10:16][technology.cpp:1171]: Duplicate technology: tech_ship_armor_1
[09:10:16][technology.cpp:1171]: Duplicate technology: tech_ship_armor_2
[09:10:16][technology.cpp:1171]: Duplicate technology: tech_ship_armor_3
[09:10:16][technology.cpp:1171]: Duplicate technology: tech_ship_armor_4
[09:10:16][technology.cpp:1171]: Duplicate technology: tech_ship_armor_5
[09:10:16][technology.cpp:1171]: Duplicate technology: tech_crystal_armor_1
[09:10:16][technology.cpp:1171]: Duplicate technology: tech_crystal_armor_2
[09:10:16][technology.cpp:1171]: Duplicate technology: tech_thrusters_2
[09:10:16][technology.cpp:1171]: Duplicate technology: tech_thrusters_3
[09:10:16][technology.cpp:1171]: Duplicate technology: tech_thrusters_4
[09:10:16][technology.cpp:1171]: Duplicate technology: tech_regenerative_hull_tissue
[09:10:16][technology.cpp:1171]: Duplicate technology: tech_shield_rechargers_1
[09:10:16][technology.cpp:1171]: Duplicate technology: tech_shields_1
[09:10:16][technology.cpp:1171]: Duplicate technology: tech_shields_2
[09:10:16][technology.cpp:1171]: Duplicate technology: tech_shields_3
[09:10:16][technology.cpp:1171]: Duplicate technology: tech_shields_4
[09:10:16][technology.cpp:1171]: Duplicate technology: tech_shields_5
[09:10:16][technology.cpp:1171]: Duplicate technology: tech_psionic_shield
[09:10:16][technology.cpp:1171]: Duplicate technology: tech_fission_power
[09:10:16][technology.cpp:1171]: Duplicate technology: tech_fusion_power
[09:10:16][technology.cpp:1171]: Duplicate technology: tech_cold_fusion_power
[09:10:16][technology.cpp:1171]: Duplicate technology: tech_antimatter_power
[09:10:16][technology.cpp:1171]: Duplicate technology: tech_zero_point_power
[09:10:16][technology.cpp:1171]: Duplicate technology: tech_combat_computers_1
[09:10:16][technology.cpp:1171]: Duplicate technology: tech_combat_computers_2
[09:10:16][technology.cpp:1171]: Duplicate technology: tech_combat_computers_3
[09:10:16][technology.cpp:1171]: Duplicate technology: tech_precognition_interface
[09:10:16][technology.cpp:1171]: Duplicate technology: tech_sensors_2
[09:10:16][technology.cpp:1171]: Duplicate technology: tech_sensors_3
[09:10:16][technology.cpp:1171]: Duplicate technology: tech_sensors_4
[09:10:16][technology.cpp:1171]: Duplicate technology: tech_afterburners_1
[09:10:16][technology.cpp:1171]: Duplicate technology: tech_afterburners_2
[09:10:16][technology.cpp:1171]: Duplicate technology: tech_archeology_lab
[09:10:16][technology.cpp:1171]: Duplicate technology: tech_curator_lab
[09:10:16][technology.cpp:1171]: Duplicate technology: tech_swarmer_drones_1
[09:10:16][technology.cpp:1171]: Duplicate technology: tech_swarmer_drones_2
[09:10:16][technology.cpp:1171]: Duplicate technology: tech_swarmer_drones_3
[09:10:16][technology.cpp:1171]: Duplicate technology: tech_shield_recharge_aura_1
[09:10:17][component.cpp:497]: Component "CORVETTE_COMBAT_COMPUTER_4" has invalid technology "tech_combat_computers_4".
[09:10:17][component.cpp:497]: Component "DESTROYER_COMBAT_COMPUTER_4" has invalid technology "tech_combat_computers_4".
[09:10:17][component.cpp:497]: Component "CRUISER_COMBAT_COMPUTER_4" has invalid technology "tech_combat_computers_4".
[09:10:17][component.cpp:497]: Component "BATTLESHIP_COMBAT_COMPUTER_4" has invalid technology "tech_combat_computers_4".
[09:10:17][component.cpp:497]: Component "DREADNOUGHT_COMBAT_COMPUTER_4" has invalid technology "tech_combat_computers_4".
[09:10:17][component.cpp:497]: Component "SMALL_STATION_COMBAT_COMPUTER_4" has invalid technology "tech_combat_computers_4".
[09:10:17][component.cpp:497]: Component "MEDIUM_STATION_COMBAT_COMPUTER_4" has invalid technology "tech_combat_computers_4".
[09:10:17][component.cpp:497]: Component "LARGE_STATION_COMBAT_COMPUTER_4" has invalid technology "tech_combat_computers_4".
[09:10:17][component.cpp:497]: Component "EXTRA_LARGE_STATION_COMBAT_COMPUTER_4" has invalid technology "tech_combat_computers_4".
[09:10:17][component.cpp:497]: Component "CORVETTE_SHIP_ELECTRONIC_WARFARE_PACKAGE_1" has invalid technology "tech_electronic_warfare_packages_1".
[09:10:17][component.cpp:497]: Component "CORVETTE_SHIP_ELECTRONIC_WARFARE_PACKAGE_2" has invalid technology "tech_electronic_warfare_packages_2".
[09:10:17][component.cpp:497]: Component "DESTROYER_SHIP_ELECTRONIC_WARFARE_PACKAGE_1" has invalid technology "tech_electronic_warfare_packages_1".
[09:10:17][component.cpp:497]: Component "DESTROYER_SHIP_ELECTRONIC_WARFARE_PACKAGE_2" has invalid technology "tech_electronic_warfare_packages_2".
[09:10:17][component.cpp:497]: Component "CRUISER_SHIP_ELECTRONIC_WARFARE_PACKAGE_1" has invalid technology "tech_electronic_warfare_packages_1".
[09:10:17][component.cpp:497]: Component "CRUISER_SHIP_ELECTRONIC_WARFARE_PACKAGE_2" has invalid technology "tech_electronic_warfare_packages_2".
[09:10:17][component.cpp:497]: Component "BATTLESHIP_SHIP_ELECTRONIC_WARFARE_PACKAGE_1" has invalid technology "tech_electronic_warfare_packages_1".
[09:10:17][component.cpp:497]: Component "BATTLESHIP_SHIP_ELECTRONIC_WARFARE_PACKAGE_2" has invalid technology "tech_electronic_warfare_packages_2".
[09:10:17][component.cpp:497]: Component "DREADNOUGHT_SHIP_ELECTRONIC_WARFARE_PACKAGE_1" has invalid technology "tech_electronic_warfare_packages_1".
[09:10:17][component.cpp:497]: Component "DREADNOUGHT_SHIP_ELECTRONIC_WARFARE_PACKAGE_2" has invalid technology "tech_electronic_warfare_packages_2".
[09:10:17][component.cpp:497]: Component "SMALL_STATION_ELECTRONIC_WARFARE_PACKAGE_1" has invalid technology "tech_electronic_warfare_packages_1".
[09:10:17][component.cpp:497]: Component "SMALL_STATION_ELECTRONIC_WARFARE_PACKAGE_2" has invalid technology "tech_electronic_warfare_packages_2".
[09:10:17][component.cpp:497]: Component "MEDIUM_STATION_ELECTRONIC_WARFARE_PACKAGE_1" has invalid technology "tech_electronic_warfare_packages_1".
[09:10:17][component.cpp:497]: Component "MEDIUM_STATION_ELECTRONIC_WARFARE_PACKAGE_2" has invalid technology "tech_electronic_warfare_packages_2".
[09:10:17][component.cpp:497]: Component "LARGE_STATION_ELECTRONIC_WARFARE_PACKAGE_1" has invalid technology "tech_electronic_warfare_packages_1".
[09:10:17][component.cpp:497]: Component "LARGE_STATION_ELECTRONIC_WARFARE_PACKAGE_2" has invalid technology "tech_electronic_warfare_packages_2".
[09:10:17][component.cpp:497]: Component "EXTRA_LARGE_STATION_ELECTRONIC_WARFARE_PACKAGE_1" has invalid technology "tech_electronic_warfare_packages_1".
[09:10:17][component.cpp:497]: Component "EXTRA_LARGE_STATION_ELECTRONIC_WARFARE_PACKAGE_2" has invalid technology "tech_electronic_warfare_packages_2".
[09:10:17][component.cpp:497]: Component "CORVETTE_SHIP_NETWORKED_TARGETTING_NODE_1" has invalid technology "tech_ship_networked_targetting_nodes_1".
[09:10:17][component.cpp:497]: Component "CORVETTE_SHIP_NETWORKED_TARGETTING_NODE_2" has invalid technology "tech_ship_networked_targetting_nodes_2".
[09:10:17][component.cpp:497]: Component "DESTROYER_SHIP_NETWORKED_TARGETTING_NODE_1" has invalid technology "tech_ship_networked_targetting_nodes_1".
[09:10:17][component.cpp:497]: Component "DESTROYER_SHIP_NETWORKED_TARGETTING_NODE_2" has invalid technology "tech_ship_networked_targetting_nodes_2".
[09:10:17][component.cpp:497]: Component "CRUISER_SHIP_NETWORKED_TARGETTING_NODE_1" has invalid technology "tech_ship_networked_targetting_nodes_1".
[09:10:17][component.cpp:497]: Component "CRUISER_SHIP_NETWORKED_TARGETTING_NODE_2" has invalid technology "tech_ship_networked_targetting_nodes_2".
[09:10:17][component.cpp:497]: Component "BATTLESHIP_SHIP_NETWORKED_TARGETTING_NODE_1" has invalid technology "tech_ship_networked_targetting_nodes_1".
[09:10:17][component.cpp:497]: Component "BATTLESHIP_SHIP_NETWORKED_TARGETTING_NODE_2" has invalid technology "tech_ship_networked_targetting_nodes_2".
[09:10:17][component.cpp:497]: Component "DREADNOUGHT_SHIP_NETWORKED_TARGETTING_NODE_1" has invalid technology "tech_ship_networked_targetting_nodes_1".
[09:10:17][component.cpp:497]: Component "DREADNOUGHT_SHIP_NETWORKED_TARGETTING_NODE_2" has invalid technology "tech_ship_networked_targetting_nodes_2".
[09:10:17][component.cpp:497]: Component "SMALL_STATION_NETWORKED_TARGETTING_NODE_1" has invalid technology "tech_ship_networked_targetting_nodes_1".
[09:10:17][component.cpp:497]: Component "SMALL_STATION_NETWORKED_TARGETTING_NODE_2" has invalid technology "tech_ship_networked_targetting_nodes_2".
[09:10:17][component.cpp:497]: Component "MEDIUM_STATION_NETWORKED_TARGETTING_NODE_1" has invalid technology "tech_ship_networked_targetting_nodes_1".
[09:10:17][component.cpp:497]: Component "MEDIUM_STATION_NETWORKED_TARGETTING_NODE_2" has invalid technology "tech_ship_networked_targetting_nodes_2".
[09:10:17][component.cpp:497]: Component "LARGE_STATION_NETWORKED_TARGETTING_NODE_1" has invalid technology "tech_ship_networked_targetting_nodes_1".
[09:10:17][component.cpp:497]: Component "LARGE_STATION_NETWORKED_TARGETTING_NODE_2" has invalid technology "tech_ship_networked_targetting_nodes_2".
[09:10:17][component.cpp:497]: Component "EXTRA_LARGE_STATION_NETWORKED_TARGETTING_NODE_1" has invalid technology "tech_ship_networked_targetting_nodes_1".
[09:10:17][component.cpp:497]: Component "EXTRA_LARGE_STATION_NETWORKED_TARGETTING_NODE_2" has invalid technology "tech_ship_networked_targetting_nodes_2".
[09:10:17][component.cpp:497]: Component "AUTO_REPAIR" has invalid technology "tech_smartmetal_bank".
[09:10:17][component.cpp:497]: Component "AUTO_REPAIR_2" has invalid technology "tech_smartmetal_bank_2".
[09:10:17][component.cpp:497]: Component "SHIELD_MULTIPLEXER_1" has invalid technology "tech_shield_multiplexer_1".
[09:10:17][component.cpp:497]: Component "SHIELD_MULTIPLEXER_2" has invalid technology "tech_shield_multiplexer_2".
[09:10:17][component.cpp:497]: Component "CORVETTE_SHIP_CLOAKING_FIELD_EMITTERS_1" has invalid technology "tech_cloaking_field_emitters_1".
[09:10:17][component.cpp:497]: Component "CORVETTE_SHIP_CLOAKING_FIELD_EMITTERS_2" has invalid technology "tech_cloaking_field_emitters_2".
[09:10:17][component.cpp:497]: Component "DESTROYER_SHIP_CLOAKING_FIELD_EMITTERS_1" has invalid technology "tech_cloaking_field_emitters_1".
[09:10:17][component.cpp:497]: Component "DESTROYER_SHIP_CLOAKING_FIELD_EMITTERS_2" has invalid technology "tech_cloaking_field_emitters_2".
[09:10:17][component.cpp:497]: Component "CRUISER_SHIP_CLOAKING_FIELD_EMITTERS_1" has invalid technology "tech_cloaking_field_emitters_1".
[09:10:17][component.cpp:497]: Component "CRUISER_SHIP_CLOAKING_FIELD_EMITTERS_2" has invalid technology "tech_cloaking_field_emitters_2".
[09:10:17][component.cpp:497]: Component "BATTLESHIP_SHIP_CLOAKING_FIELD_EMITTERS_1" has invalid technology "tech_cloaking_field_emitters_1".
[09:10:17][component.cpp:497]: Component "BATTLESHIP_SHIP_CLOAKING_FIELD_EMITTERS_2" has invalid technology "tech_cloaking_field_emitters_2".
[09:10:17][component.cpp:497]: Component "DREADNOUGHT_SHIP_CLOAKING_FIELD_EMITTERS_1" has invalid technology "tech_cloaking_field_emitters_1".
[09:10:17][component.cpp:497]: Component "DREADNOUGHT_SHIP_CLOAKING_FIELD_EMITTERS_2" has invalid technology "tech_cloaking_field_emitters_2".
[09:10:17][component.cpp:497]: Component "MEDIUM_SHIP_COMBAT_WASPS_AURA_1" has invalid technology "tech_combat_wasps_1".
[09:10:17][persistent.cpp:34]: Error: "Malformed token: @priority_1, near line: 92
" in file: "common/component_templates/ex_combat_wasps.txt" near line: 92
[09:10:17][persistent.cpp:34]: Error: "Malformed token: @weight_1, near line: 115
" in file: "common/component_templates/ex_combat_wasps.txt" near line: 115
[09:10:17][component.cpp:497]: Component "MEDIUM_SHIP_COMBAT_WASPS_AURA_2" has invalid technology "tech_combat_wasps_2".
[09:10:17][persistent.cpp:34]: Error: "Malformed token: @priority_2, near line: 138
" in file: "common/component_templates/ex_combat_wasps.txt" near line: 138
[09:10:17][persistent.cpp:34]: Error: "Malformed token: @weight_2, near line: 161
" in file: "common/component_templates/ex_combat_wasps.txt" near line: 161
[09:10:17][component.cpp:497]: Component "LARGE_SHIP_COMBAT_WASPS_AURA_1" has invalid technology "tech_combat_wasps_1".
[09:10:17][persistent.cpp:34]: Error: "Malformed token: @priority_1, near line: 185
" in file: "common/component_templates/ex_combat_wasps.txt" near line: 185
[09:10:17][persistent.cpp:34]: Error: "Malformed token: @weight_1, near line: 208
" in file: "common/component_templates/ex_combat_wasps.txt" near line: 208
[09:10:17][component.cpp:497]: Component "LARGE_SHIP_COMBAT_WASPS_AURA_2" has invalid technology "tech_combat_wasps_2".
[09:10:17][persistent.cpp:34]: Error: "Malformed token: @priority_2, near line: 231
" in file: "common/component_templates/ex_combat_wasps.txt" near line: 231
[09:10:17][persistent.cpp:34]: Error: "Malformed token: @weight_2, near line: 254
" in file: "common/component_templates/ex_combat_wasps.txt" near line: 254
[09:10:17][component.cpp:497]: Component "EXTRA_LARGE_SHIP_COMBAT_WASPS_AURA_1" has invalid technology "tech_combat_wasps_1".
[09:10:17][persistent.cpp:34]: Error: "Malformed token: @priority_1, near line: 278
" in file: "common/component_templates/ex_combat_wasps.txt" near line: 278
[09:10:17][persistent.cpp:34]: Error: "Malformed token: @weight_1, near line: 301
" in file: "common/component_templates/ex_combat_wasps.txt" near line: 301
[09:10:17][component.cpp:497]: Component "EXTRA_LARGE_SHIP_COMBAT_WASPS_AURA_2" has invalid technology "tech_combat_wasps_2".
[09:10:17][persistent.cpp:34]: Error: "Malformed token: @priority_2, near line: 324
" in file: "common/component_templates/ex_combat_wasps.txt" near line: 324
[09:10:17][persistent.cpp:34]: Error: "Malformed token: @weight_2, near line: 347
" in file: "common/component_templates/ex_combat_wasps.txt" near line: 347
[09:10:17][component.cpp:497]: Component "CORVETTE_SHIP_INTEGRITY_FIELD_GENERATORS_1" has invalid technology "tech_integrity_field_generators_1".
[09:10:17][component.cpp:497]: Component "CORVETTE_SHIP_INTEGRITY_FIELD_GENERATORS_2" has invalid technology "tech_integrity_field_generators_2".
[09:10:17][component.cpp:497]: Component "DESTROYER_SHIP_INTEGRITY_FIELD_GENERATORS_1" has invalid technology "tech_integrity_field_generators_1".
[09:10:17][component.cpp:497]: Component "DESTROYER_SHIP_INTEGRITY_FIELD_GENERATORS_2" has invalid technology "tech_integrity_field_generators_2".
[09:10:17][component.cpp:497]: Component "CRUISER_SHIP_INTEGRITY_FIELD_GENERATORS_1" has invalid technology "tech_integrity_field_generators_1".
[09:10:17][component.cpp:497]: Component "CRUISER_SHIP_INTEGRITY_FIELD_GENERATORS_2" has invalid technology "tech_integrity_field_generators_2".
[09:10:17][component.cpp:497]: Component "BATTLESHIP_SHIP_INTEGRITY_FIELD_GENERATORS_1" has invalid technology "tech_integrity_field_generators_1".
[09:10:17][component.cpp:497]: Component "BATTLESHIP_SHIP_INTEGRITY_FIELD_GENERATORS_2" has invalid technology "tech_integrity_field_generators_2".
[09:10:17][component.cpp:497]: Component "DREADNOUGHT_SHIP_INTEGRITY_FIELD_GENERATORS_1" has invalid technology "tech_integrity_field_generators_1".
[09:10:17][component.cpp:497]: Component "DREADNOUGHT_SHIP_INTEGRITY_FIELD_GENERATORS_2" has invalid technology "tech_integrity_field_generators_2".
[09:10:17][component.cpp:497]: Component "SMALL_STATION_INTEGRITY_FIELD_GENERATORS_1" has invalid technology "tech_integrity_field_generators_1".
[09:10:17][component.cpp:497]: Component "SMALL_STATION_INTEGRITY_FIELD_GENERATORS_2" has invalid technology "tech_integrity_field_generators_2".
[09:10:17][component.cpp:497]: Component "MEDIUM_STATION_INTEGRITY_FIELD_GENERATORS_1" has invalid technology "tech_integrity_field_generators_1".
[09:10:17][component.cpp:497]: Component "MEDIUM_STATION_INTEGRITY_FIELD_GENERATORS_2" has invalid technology "tech_integrity_field_generators_2".
[09:10:17][component.cpp:497]: Component "LARGE_STATION_INTEGRITY_FIELD_GENERATORS_1" has invalid technology "tech_integrity_field_generators_1".
[09:10:17][component.cpp:497]: Component "LARGE_STATION_INTEGRITY_FIELD_GENERATORS_2" has invalid technology "tech_integrity_field_generators_2".
[09:10:17][component.cpp:497]: Component "EXTRA_LARGE_STATION_INTEGRITY_FIELD_GENERATORS_1" has invalid technology "tech_integrity_field_generators_1".
[09:10:17][component.cpp:497]: Component "EXTRA_LARGE_STATION_INTEGRITY_FIELD_GENERATORS_2" has invalid technology "tech_integrity_field_generators_2".
[09:10:18][component.cpp:497]: Component "SMALL_STATION_QUANTUM_DESTABLIZIER_AURA_1" has invalid technology "tech_quantum_destabilizer_1".
[09:10:18][component.cpp:497]: Component "SMALL_STATION_QUANTUM_DESTABLIZIER_AURA_2" has invalid technology "tech_quantum_destabilizer_2".
[09:10:18][component.cpp:497]: Component "SMALL_STATION_QUANTUM_DESTABLIZIER_AURA_3" has invalid technology "tech_quantum_destabilizer_3".
[09:10:18][component.cpp:497]: Component "MEDIUM_STATION_QUANTUM_DESTABLIZIER_AURA_1" has invalid technology "tech_quantum_destabilizer_1".
[09:10:18][component.cpp:497]: Component "MEDIUM_STATION_QUANTUM_DESTABLIZIER_AURA_2" has invalid technology "tech_quantum_destabilizer_2".
[09:10:18][component.cpp:497]: Component "MEDIUM_STATION_QUANTUM_DESTABLIZIER_AURA_3" has invalid technology "tech_quantum_destabilizer_3".
[09:10:18][component.cpp:497]: Component "LARGE_STATION_QUANTUM_DESTABLIZIER_AURA_1" has invalid technology "tech_quantum_destabilizer_1".
[09:10:18][component.cpp:497]: Component "LARGE_STATION_QUANTUM_DESTABLIZIER_AURA_2" has invalid technology "tech_quantum_destabilizer_2".
[09:10:18][component.cpp:497]: Component "LARGE_STATION_QUANTUM_DESTABLIZIER_AURA_3" has invalid technology "tech_quantum_destabilizer_3".
[09:10:18][component.cpp:497]: Component "EXTRA_LARGE_STATION_QUANTUM_DESTABLIZIER_AURA_1" has invalid technology "tech_quantum_destabilizer_1".
[09:10:18][component.cpp:497]: Component "EXTRA_LARGE_STATION_QUANTUM_DESTABLIZIER_AURA_2" has invalid technology "tech_quantum_destabilizer_2".
[09:10:18][component.cpp:497]: Component "EXTRA_LARGE_STATION_QUANTUM_DESTABLIZIER_AURA_3" has invalid technology "tech_quantum_destabilizer_3".
[09:10:18][component.cpp:497]: Component "SMALL_STATION_ARC_EMITTER_AURA_1" has invalid technology "tech_arc_amitter_1".
[09:10:18][component.cpp:497]: Component "SMALL_STATION_ARC_EMITTER_AURA_2" has invalid technology "tech_arc_amitter_2".
[09:10:18][component.cpp:497]: Component "SMALL_STATION_ARC_EMITTER_AURA_3" has invalid technology "tech_arc_amitter_3".
[09:10:18][component.cpp:497]: Component "MEDIUM_STATION_ARC_EMITTER_AURA_1" has invalid technology "tech_arc_amitter_1".
[09:10:18][component.cpp:497]: Component "MEDIUM_STATION_ARC_EMITTER_AURA_2" has invalid technology "tech_arc_amitter_2".
[09:10:18][component.cpp:497]: Component "MEDIUM_STATION_ARC_EMITTER_AURA_3" has invalid technology "tech_arc_amitter_3".
[09:10:18][component.cpp:497]: Component "LARGE_STATION_ARC_EMITTER_AURA_1" has invalid technology "tech_arc_amitter_1".
[09:10:18][component.cpp:497]: Component "LARGE_STATION_ARC_EMITTER_AURA_2" has invalid technology "tech_arc_amitter_2".
[09:10:18][component.cpp:497]: Component "LARGE_STATION_ARC_EMITTER_AURA_3" has invalid technology "tech_arc_amitter_3".
[09:10:18][component.cpp:497]: Component "EXTRA_LARGE_STATION_ARC_EMITTER_AURA_1" has invalid technology "tech_arc_amitter_1".
[09:10:18][component.cpp:497]: Component "EXTRA_LARGE_STATION_ARC_EMITTER_AURA_2" has invalid technology "tech_arc_amitter_2".
[09:10:18][component.cpp:497]: Component "EXTRA_LARGE_STATION_ARC_EMITTER_AURA_3" has invalid technology "tech_arc_amitter_3".
[09:10:18][ship_design.cpp:1112]: invalid component slot "MEDIUM_UTILITY_3".  file: common/global_ship_designs/event_ship_designs_anomalies.txt line: 163
[09:10:18][ship_design.cpp:1112]: invalid component slot "LARGE_UTILITY_2".  file: common/global_ship_designs/event_ship_designs_anomalies.txt line: 184
[09:10:18][ship_design.cpp:1112]: invalid component slot "LARGE_UTILITY_3".  file: common/global_ship_designs/event_ship_designs_anomalies.txt line: 188
[09:10:18][ship_design.cpp:1121]: invalid component template "LARGE_ARC_EMITTER_1".  file: common/global_ship_designs/event_ship_designs_anomalies.txt line: 362
[09:10:18][ship_design.cpp:1121]: invalid component template "SHIELD_RECHARGER".  file: common/global_ship_designs/event_ship_designs_anomalies.txt line: 441
[09:10:18][ship_design.cpp:1112]: invalid component slot "MEDIUM_UTILITY_3".  file: common/global_ship_designs/event_ship_designs_general.txt line: 173
[09:10:18][ship_design.cpp:1112]: invalid component slot "SMALL_UTILITY_4".  file: common/global_ship_designs/event_ship_designs_general.txt line: 202
[09:10:18][ship_design.cpp:1121]: invalid component template "SHIELD_RECHARGER".  file: common/global_ship_designs/event_ship_designs_sentinels.txt line: 95
[09:10:18][ship_design.cpp:1112]: invalid component slot "LARGE_UTILITY_2".  file: common/global_ship_designs/event_ship_designs_sentinels.txt line: 168
[09:10:18][ship_design.cpp:1112]: invalid component slot "LARGE_UTILITY_3".  file: common/global_ship_designs/event_ship_designs_sentinels.txt line: 201
[09:10:18][ship_design.cpp:1112]: invalid component slot "LARGE_UTILITY_4".  file: common/global_ship_designs/event_ship_designs_sentinels.txt line: 205
[09:10:18][ship_design.cpp:1112]: invalid component slot "LARGE_UTILITY_5".  file: common/global_ship_designs/event_ship_designs_sentinels.txt line: 209
[09:10:18][ship_design.cpp:1112]: invalid component slot "LARGE_UTILITY_6".  file: common/global_ship_designs/event_ship_designs_sentinels.txt line: 213
[09:10:18][ship_design.cpp:1112]: invalid component slot "LARGE_UTILITY_2".  file: common/global_ship_designs/event_ship_designs_sentinels.txt line: 234
[09:10:18][ship_design.cpp:1112]: invalid component slot "MEDIUM_UTILITY_3".  file: common/global_ship_designs/event_ship_designs_sentinels.txt line: 270
[09:10:18][ship_design.cpp:1112]: invalid component slot "LARGE_UTILITY_2".  file: common/global_ship_designs/event_ship_designs_sentinels.txt line: 295
[09:10:18][ship_design.cpp:1112]: invalid component slot "LARGE_UTILITY_3".  file: common/global_ship_designs/event_ship_designs_sentinels.txt line: 299
[09:10:18][ship_design.cpp:1112]: invalid component slot "MEDIUM_UTILITY_3".  file: common/global_ship_designs/event_ship_designs_sentinels.txt line: 360
[09:10:18][ship_design.cpp:1112]: invalid component slot "SMALL_UTILITY_4".  file: common/global_ship_designs/event_ship_designs_sentinels.txt line: 389
[09:10:18][ship_design.cpp:1112]: invalid component slot "TORPEDO_01".  file: common/global_ship_designs/event_ship_designs_sentinels.txt line: 409
[09:10:18][ship_design.cpp:1121]: invalid component template "SHIELD_RECHARGER".  file: common/global_ship_designs/event_ship_designs_special_systems.txt line: 271
[09:10:18][ship_design.cpp:1121]: invalid component template "SHIELD_RECHARGER".  file: common/global_ship_designs/event_ship_designs_special_systems.txt line: 275
[09:10:18][ship_design.cpp:1121]: invalid component template "SHIELD_RECHARGER".  file: common/global_ship_designs/event_ship_designs_special_systems.txt line: 279
[09:10:18][ship_design.cpp:1121]: invalid component template "SHIELD_RECHARGER".  file: common/global_ship_designs/event_ship_designs_special_systems.txt line: 283
[09:10:18][ship_design.cpp:1121]: invalid component template "SHIELD_RECHARGER".  file: common/global_ship_designs/event_ship_designs_special_systems.txt line: 515
[09:10:18][ship_design.cpp:1121]: invalid component template "SHIELD_RECHARGER".  file: common/global_ship_designs/event_ship_designs_special_systems.txt line: 519
[09:10:18][ship_design.cpp:1121]: invalid component template "SHIELD_RECHARGER".  file: common/global_ship_designs/event_ship_designs_special_systems.txt line: 523
[09:10:18][ship_design.cpp:1121]: invalid component template "SHIELD_RECHARGER".  file: common/global_ship_designs/event_ship_designs_special_systems.txt line: 527
[09:10:18][ship_design.cpp:1121]: invalid component template "SHIELD_RECHARGER".  file: common/global_ship_designs/event_ship_designs_special_systems.txt line: 651
[09:10:18][ship_design.cpp:1121]: invalid component template "SHIELD_RECHARGER".  file: common/global_ship_designs/event_ship_designs_special_systems.txt line: 655
[09:10:18][ship_design.cpp:1121]: invalid component template "SHIELD_RECHARGER".  file: common/global_ship_designs/extra_dimensional_ship_designs.txt line: 78
[09:10:18][ship_design.cpp:1121]: invalid component template "SHIELD_RECHARGER".  file: common/global_ship_designs/extra_dimensional_ship_designs.txt line: 150
[09:10:18][ship_design.cpp:1121]: invalid component template "SHIELD_RECHARGER".  file: common/global_ship_designs/extra_dimensional_ship_designs.txt line: 194
[09:10:18][ship_design.cpp:1121]: invalid component template "SHIELD_RECHARGER".  file: common/global_ship_designs/extra_dimensional_ship_designs.txt line: 275
[09:10:18][ship_design.cpp:1121]: invalid component template "SHIELD_RECHARGER".  file: common/global_ship_designs/extra_dimensional_ship_designs.txt line: 322
[09:10:18][ship_design.cpp:1121]: invalid component template "SHIELD_RECHARGER".  file: common/global_ship_designs/extra_dimensional_ship_designs.txt line: 426
[09:10:18][ship_design.cpp:1121]: invalid component template "SHIELD_RECHARGER".  file: common/global_ship_designs/extra_dimensional_ship_designs.txt line: 498
[09:10:18][ship_design.cpp:1121]: invalid component template "SHIELD_RECHARGER".  file: common/global_ship_designs/extra_dimensional_ship_designs.txt line: 542
[09:10:18][ship_design.cpp:1121]: invalid component template "SHIELD_RECHARGER".  file: common/global_ship_designs/extra_dimensional_ship_designs.txt line: 607
[09:10:18][ship_design.cpp:1121]: invalid component template "SHIELD_RECHARGER".  file: common/global_ship_designs/extra_dimensional_ship_designs.txt line: 654
[09:10:18][ship_design.cpp:1121]: invalid component template "SHIELD_RECHARGER".  file: common/global_ship_designs/extra_dimensional_ship_designs.txt line: 758
[09:10:18][ship_design.cpp:1121]: invalid component template "SHIELD_RECHARGER".  file: common/global_ship_designs/extra_dimensional_ship_designs.txt line: 830
[09:10:18][ship_design.cpp:1121]: invalid component template "SHIELD_RECHARGER".  file: common/global_ship_designs/extra_dimensional_ship_designs.txt line: 874
[09:10:18][ship_design.cpp:1121]: invalid component template "SHIELD_RECHARGER".  file: common/global_ship_designs/extra_dimensional_ship_designs.txt line: 939
[09:10:18][ship_design.cpp:1121]: invalid component template "SHIELD_RECHARGER".  file: common/global_ship_designs/extra_dimensional_ship_designs.txt line: 986
[09:10:18][ship_design.cpp:1121]: invalid component template "SHIELD_RECHARGER".  file: common/global_ship_designs/extra_dimensional_ship_designs.txt line: 1155
[09:10:18][ship_design.cpp:1121]: invalid component template "SHIELD_RECHARGER".  file: common/global_ship_designs/extra_dimensional_ship_designs.txt line: 1257
[09:10:18][ship_design.cpp:1121]: invalid component template "SHIELD_RECHARGER".  file: common/global_ship_designs/extra_dimensional_ship_designs.txt line: 1359
[09:10:18][ship_design.cpp:1121]: invalid component template "SHIELD_RECHARGER".  file: common/global_ship_designs/fallen_empire_ship_designs.txt line: 163
[09:10:18][ship_design.cpp:1121]: invalid component template "SHIELD_RECHARGER".  file: common/global_ship_designs/fallen_empire_ship_designs.txt line: 167
[09:10:18][ship_design.cpp:1121]: invalid component template "SHIELD_RECHARGER".  file: common/global_ship_designs/fallen_empire_ship_designs.txt line: 171
[09:10:18][ship_design.cpp:1121]: invalid component template "SHIELD_RECHARGER".  file: common/global_ship_designs/fallen_empire_ship_designs.txt line: 270
[09:10:18][ship_design.cpp:1121]: invalid component template "SHIELD_RECHARGER".  file: common/global_ship_designs/fallen_empire_ship_designs.txt line: 274
[09:10:18][ship_design.cpp:1121]: invalid component template "SHIELD_RECHARGER".  file: common/global_ship_designs/fallen_empire_ship_designs.txt line: 374
[09:10:18][ship_design.cpp:1121]: invalid component template "SHIELD_RECHARGER".  file: common/global_ship_designs/fallen_empire_ship_designs.txt line: 613
[09:10:18][ship_design.cpp:1121]: invalid component template "SHIELD_RECHARGER".  file: common/global_ship_designs/fallen_empire_ship_designs.txt line: 617
[09:10:18][ship_design.cpp:1121]: invalid component template "SHIELD_RECHARGER".  file: common/global_ship_designs/fallen_empire_ship_designs.txt line: 621
[09:10:18][ship_design.cpp:1121]: invalid component template "SHIELD_RECHARGER".  file: common/global_ship_designs/fallen_empire_ship_designs.txt line: 625
[09:10:18][ship_design.cpp:1121]: invalid component template "SHIELD_RECHARGER".  file: common/global_ship_designs/fallen_empire_ship_designs.txt line: 753
[09:10:18][ship_design.cpp:1121]: invalid component template "SHIELD_RECHARGER".  file: common/global_ship_designs/fallen_empire_ship_designs.txt line: 757
[09:10:18][ship_design.cpp:1112]: invalid component slot "SMALL_UTILITY_1".  file: common/global_ship_designs/fallen_empire_ship_designs.txt line: 776
[09:10:18][ship_design.cpp:1112]: invalid component slot "SMALL_UTILITY_2".  file: common/global_ship_designs/fallen_empire_ship_designs.txt line: 780
[09:10:18][ship_design.cpp:1112]: invalid component slot "SMALL_UTILITY_3".  file: common/global_ship_designs/fallen_empire_ship_designs.txt line: 784
[09:10:18][ship_design.cpp:1112]: invalid component slot "SMALL_UTILITY_4".  file: common/global_ship_designs/fallen_empire_ship_designs.txt line: 788
[09:10:18][ship_design.cpp:1112]: invalid component slot "AUX_UTILITY_1".  file: common/global_ship_designs/fallen_empire_ship_designs.txt line: 792
[09:10:18][ship_design.cpp:1121]: invalid component template "SHIELD_RECHARGER".  file: common/global_ship_designs/fallen_empire_ship_designs.txt line: 793
[09:10:18][ship_design.cpp:1112]: invalid component slot "SMALL_UTILITY_1".  file: common/global_ship_designs/fallen_empire_ship_designs.txt line: 815
[09:10:18][ship_design.cpp:1112]: invalid component slot "SMALL_UTILITY_2".  file: common/global_ship_designs/fallen_empire_ship_designs.txt line: 819
[09:10:18][ship_design.cpp:1112]: invalid component slot "SMALL_UTILITY_3".  file: common/global_ship_designs/fallen_empire_ship_designs.txt line: 823
[09:10:18][ship_design.cpp:1112]: invalid component slot "SMALL_UTILITY_4".  file: common/global_ship_designs/fallen_empire_ship_designs.txt line: 827
[09:10:18][ship_design.cpp:1112]: invalid component slot "AUX_UTILITY_1".  file: common/global_ship_designs/fallen_empire_ship_designs.txt line: 831
[09:10:18][ship_design.cpp:1121]: invalid component template "SHIELD_RECHARGER".  file: common/global_ship_designs/fallen_empire_ship_designs.txt line: 832
[09:10:18][ship_design.cpp:1121]: invalid component template "SHIELD_RECHARGER".  file: common/global_ship_designs/fallen_empire_ship_designs.txt line: 1006
[09:10:18][ship_design.cpp:1121]: invalid component template "SHIELD_RECHARGER".  file: common/global_ship_designs/fallen_empire_ship_designs.txt line: 1010
[09:10:18][ship_design.cpp:1121]: invalid component template "SHIELD_RECHARGER".  file: common/global_ship_designs/fallen_empire_ship_designs.txt line: 1014
[09:10:18][ship_design.cpp:1121]: invalid component template "SHIELD_RECHARGER".  file: common/global_ship_designs/fallen_empire_ship_designs.txt line: 1113
[09:10:18][ship_design.cpp:1121]: invalid component template "SHIELD_RECHARGER".  file: common/global_ship_designs/fallen_empire_ship_designs.txt line: 1117
[09:10:18][ship_design.cpp:1121]: invalid component template "SHIELD_RECHARGER".  file: common/global_ship_designs/fallen_empire_ship_designs.txt line: 1217
[09:10:18][ship_design.cpp:1121]: invalid component template "SHIELD_RECHARGER".  file: common/global_ship_designs/fallen_empire_ship_designs.txt line: 1456
[09:10:18][ship_design.cpp:1121]: invalid component template "SHIELD_RECHARGER".  file: common/global_ship_designs/fallen_empire_ship_designs.txt line: 1460
[09:10:18][ship_design.cpp:1121]: invalid component template "SHIELD_RECHARGER".  file: common/global_ship_designs/fallen_empire_ship_designs.txt line: 1464
[09:10:18][ship_design.cpp:1121]: invalid component template "SHIELD_RECHARGER".  file: common/global_ship_designs/fallen_empire_ship_designs.txt line: 1468
[09:10:18][ship_design.cpp:1121]: invalid component template "SHIELD_RECHARGER".  file: common/global_ship_designs/fallen_empire_ship_designs.txt line: 1596
[09:10:18][ship_design.cpp:1121]: invalid component template "SHIELD_RECHARGER".  file: common/global_ship_designs/fallen_empire_ship_designs.txt line: 1600
[09:10:18][ship_design.cpp:1112]: invalid component slot "SMALL_UTILITY_1".  file: common/global_ship_designs/fallen_empire_ship_designs.txt line: 1619
[09:10:18][ship_design.cpp:1112]: invalid component slot "SMALL_UTILITY_2".  file: common/global_ship_designs/fallen_empire_ship_designs.txt line: 1623
[09:10:18][ship_design.cpp:1112]: invalid component slot "SMALL_UTILITY_3".  file: common/global_ship_designs/fallen_empire_ship_designs.txt line: 1627
[09:10:18][ship_design.cpp:1112]: invalid component slot "SMALL_UTILITY_4".  file: common/global_ship_designs/fallen_empire_ship_designs.txt line: 1631
[09:10:18][ship_design.cpp:1112]: invalid component slot "AUX_UTILITY_1".  file: common/global_ship_designs/fallen_empire_ship_designs.txt line: 1635
[09:10:18][ship_design.cpp:1121]: invalid component template "SHIELD_RECHARGER".  file: common/global_ship_designs/fallen_empire_ship_designs.txt line: 1636
[09:10:18][ship_design.cpp:1112]: invalid component slot "SMALL_UTILITY_1".  file: common/global_ship_designs/fallen_empire_ship_designs.txt line: 1658
[09:10:18][ship_design.cpp:1112]: invalid component slot "SMALL_UTILITY_2".  file: common/global_ship_designs/fallen_empire_ship_designs.txt line: 1662
[09:10:18][ship_design.cpp:1112]: invalid component slot "SMALL_UTILITY_3".  file: common/global_ship_designs/fallen_empire_ship_designs.txt line: 1666
[09:10:18][ship_design.cpp:1112]: invalid component slot "SMALL_UTILITY_4".  file: common/global_ship_designs/fallen_empire_ship_designs.txt line: 1670
[09:10:18][ship_design.cpp:1112]: invalid component slot "AUX_UTILITY_1".  file: common/global_ship_designs/fallen_empire_ship_designs.txt line: 1674
[09:10:18][ship_design.cpp:1121]: invalid component template "SHIELD_RECHARGER".  file: common/global_ship_designs/fallen_empire_ship_designs.txt line: 1675
[09:10:18][ship_design.cpp:1121]: invalid component template "SHIELD_RECHARGER".  file: common/global_ship_designs/fallen_empire_ship_designs.txt line: 1849
[09:10:18][ship_design.cpp:1121]: invalid component template "SHIELD_RECHARGER".  file: common/global_ship_designs/fallen_empire_ship_designs.txt line: 1853
[09:10:18][ship_design.cpp:1121]: invalid component template "SHIELD_RECHARGER".  file: common/global_ship_designs/fallen_empire_ship_designs.txt line: 1857
[09:10:18][ship_design.cpp:1121]: invalid component template "LARGE_ARC_EMITTER_2".  file: common/global_ship_designs/fallen_empire_ship_designs.txt line: 1889
[09:10:18][ship_design.cpp:1121]: invalid component template "SHIELD_RECHARGER".  file: common/global_ship_designs/fallen_empire_ship_designs.txt line: 1957
[09:10:18][ship_design.cpp:1121]: invalid component template "SHIELD_RECHARGER".  file: common/global_ship_designs/fallen_empire_ship_designs.txt line: 1961
[09:10:18][ship_design.cpp:1121]: invalid component template "SHIELD_RECHARGER".  file: common/global_ship_designs/fallen_empire_ship_designs.txt line: 2060
[09:10:18][ship_design.cpp:1121]: invalid component template "SHIELD_RECHARGER".  file: common/global_ship_designs/fallen_empire_ship_designs.txt line: 2299
[09:10:18][ship_design.cpp:1121]: invalid component template "SHIELD_RECHARGER".  file: common/global_ship_designs/fallen_empire_ship_designs.txt line: 2303
[09:10:18][ship_design.cpp:1121]: invalid component template "SHIELD_RECHARGER".  file: common/global_ship_designs/fallen_empire_ship_designs.txt line: 2307
[09:10:18][ship_design.cpp:1121]: invalid component template "SHIELD_RECHARGER".  file: common/global_ship_designs/fallen_empire_ship_designs.txt line: 2311
[09:10:18][ship_design.cpp:1121]: invalid component template "SHIELD_RECHARGER".  file: common/global_ship_designs/fallen_empire_ship_designs.txt line: 2439
[09:10:18][ship_design.cpp:1121]: invalid component template "SHIELD_RECHARGER".  file: common/global_ship_designs/fallen_empire_ship_designs.txt line: 2443
[09:10:18][ship_design.cpp:1112]: invalid component slot "SMALL_UTILITY_1".  file: common/global_ship_designs/fallen_empire_ship_designs.txt line: 2462
[09:10:18][ship_design.cpp:1112]: invalid component slot "SMALL_UTILITY_2".  file: common/global_ship_designs/fallen_empire_ship_designs.txt line: 2466
[09:10:18][ship_design.cpp:1112]: invalid component slot "SMALL_UTILITY_3".  file: common/global_ship_designs/fallen_empire_ship_designs.txt line: 2470
[09:10:18][ship_design.cpp:1112]: invalid component slot "SMALL_UTILITY_4".  file: common/global_ship_designs/fallen_empire_ship_designs.txt line: 2474
[09:10:18][ship_design.cpp:1112]: invalid component slot "AUX_UTILITY_1".  file: common/global_ship_designs/fallen_empire_ship_designs.txt line: 2478
[09:10:18][ship_design.cpp:1121]: invalid component template "SHIELD_RECHARGER".  file: common/global_ship_designs/fallen_empire_ship_designs.txt line: 2479
[09:10:18][ship_design.cpp:1112]: invalid component slot "SMALL_UTILITY_1".  file: common/global_ship_designs/fallen_empire_ship_designs.txt line: 2501
[09:10:18][ship_design.cpp:1112]: invalid component slot "SMALL_UTILITY_2".  file: common/global_ship_designs/fallen_empire_ship_designs.txt line: 2505
[09:10:18][ship_design.cpp:1112]: invalid component slot "SMALL_UTILITY_3".  file: common/global_ship_designs/fallen_empire_ship_designs.txt line: 2509
[09:10:18][ship_design.cpp:1112]: invalid component slot "SMALL_UTILITY_4".  file: common/global_ship_designs/fallen_empire_ship_designs.txt line: 2513
[09:10:18][ship_design.cpp:1112]: invalid component slot "AUX_UTILITY_1".  file: common/global_ship_designs/fallen_empire_ship_designs.txt line: 2517
[09:10:18][ship_design.cpp:1121]: invalid component template "SHIELD_RECHARGER".  file: common/global_ship_designs/fallen_empire_ship_designs.txt line: 2518
[09:10:18][ship_design.cpp:1121]: invalid component template "AFTERBURNER_2".  file: common/global_ship_designs/fallen_empire_ship_designs.txt line: 2645
[09:10:18][ship_design.cpp:1121]: invalid component template "SHIELD_RECHARGER".  file: common/global_ship_designs/fallen_empire_ship_designs.txt line: 2693
[09:10:18][ship_design.cpp:1121]: invalid component template "SHIELD_RECHARGER".  file: common/global_ship_designs/fallen_empire_ship_designs.txt line: 2697
[09:10:18][ship_design.cpp:1121]: invalid component template "SHIELD_RECHARGER".  file: common/global_ship_designs/fallen_empire_ship_designs.txt line: 2701
[09:10:18][ship_design.cpp:1121]: invalid component template "SHIELD_RECHARGER".  file: common/global_ship_designs/fallen_empire_ship_designs.txt line: 2802
[09:10:18][ship_design.cpp:1121]: invalid component template "AFTERBURNER_2".  file: common/global_ship_designs/fallen_empire_ship_designs.txt line: 2806
[09:10:18][ship_design.cpp:1121]: invalid component template "AFTERBURNER_2".  file: common/global_ship_designs/fallen_empire_ship_designs.txt line: 2905
[09:10:18][ship_design.cpp:1121]: invalid component template "SHIELD_RECHARGER".  file: common/global_ship_designs/fallen_empire_ship_designs.txt line: 3144
[09:10:18][ship_design.cpp:1121]: invalid component template "SHIELD_RECHARGER".  file: common/global_ship_designs/fallen_empire_ship_designs.txt line: 3148
[09:10:18][ship_design.cpp:1121]: invalid component template "SHIELD_RECHARGER".  file: common/global_ship_designs/fallen_empire_ship_designs.txt line: 3152
[09:10:18][ship_design.cpp:1121]: invalid component template "SHIELD_RECHARGER".  file: common/global_ship_designs/fallen_empire_ship_designs.txt line: 3156
[09:10:18][ship_design.cpp:1121]: invalid component template "SHIELD_RECHARGER".  file: common/global_ship_designs/fallen_empire_ship_designs.txt line: 3284
[09:10:18][ship_design.cpp:1121]: invalid component template "SHIELD_RECHARGER".  file: common/global_ship_designs/fallen_empire_ship_designs.txt line: 3288
[09:10:18][ship_design.cpp:1112]: invalid component slot "SMALL_UTILITY_1".  file: common/global_ship_designs/fallen_empire_ship_designs.txt line: 3307
[09:10:18][ship_design.cpp:1112]: invalid component slot "SMALL_UTILITY_2".  file: common/global_ship_designs/fallen_empire_ship_designs.txt line: 3311
[09:10:18][ship_design.cpp:1112]: invalid component slot "SMALL_UTILITY_3".  file: common/global_ship_designs/fallen_empire_ship_designs.txt line: 3315
[09:10:18][ship_design.cpp:1112]: invalid component slot "SMALL_UTILITY_4".  file: common/global_ship_designs/fallen_empire_ship_designs.txt line: 3319
[09:10:18][ship_design.cpp:1112]: invalid component slot "AUX_UTILITY_1".  file: common/global_ship_designs/fallen_empire_ship_designs.txt line: 3323
[09:10:18][ship_design.cpp:1121]: invalid component template "SHIELD_RECHARGER".  file: common/global_ship_designs/fallen_empire_ship_designs.txt line: 3324
[09:10:18][ship_design.cpp:1112]: invalid component slot "SMALL_UTILITY_1".  file: common/global_ship_designs/fallen_empire_ship_designs.txt line: 3346
[09:10:18][ship_design.cpp:1112]: invalid component slot "SMALL_UTILITY_2".  file: common/global_ship_designs/fallen_empire_ship_designs.txt line: 3350
[09:10:18][ship_design.cpp:1112]: invalid component slot "SMALL_UTILITY_3".  file: common/global_ship_designs/fallen_empire_ship_designs.txt line: 3354
[09:10:18][ship_design.cpp:1112]: invalid component slot "SMALL_UTILITY_4".  file: common/global_ship_designs/fallen_empire_ship_designs.txt line: 3358
[09:10:18][ship_design.cpp:1112]: invalid component slot "AUX_UTILITY_1".  file: common/global_ship_designs/fallen_empire_ship_designs.txt line: 3362
[09:10:18][ship_design.cpp:1121]: invalid component template "SHIELD_RECHARGER".  file: common/global_ship_designs/fallen_empire_ship_designs.txt line: 3363
[09:10:18][ship_design.cpp:1121]: invalid component template "SHIELD_RECHARGER".  file: common/global_ship_designs/fallen_empire_ship_designs.txt line: 3537
[09:10:18][ship_design.cpp:1121]: invalid component template "SHIELD_RECHARGER".  file: common/global_ship_designs/fallen_empire_ship_designs.txt line: 3541
[09:10:18][ship_design.cpp:1121]: invalid component template "SHIELD_RECHARGER".  file: common/global_ship_designs/fallen_empire_ship_designs.txt line: 3545
[09:10:18][ship_design.cpp:1121]: invalid component template "SHIELD_RECHARGER".  file: common/global_ship_designs/fallen_empire_ship_designs.txt line: 3645
[09:10:18][ship_design.cpp:1121]: invalid component template "SHIELD_RECHARGER".  file: common/global_ship_designs/fallen_empire_ship_designs.txt line: 3649
[09:10:18][ship_design.cpp:1121]: invalid component template "SHIELD_RECHARGER".  file: common/global_ship_designs/fallen_empire_ship_designs.txt line: 3748
[09:10:18][ship_design.cpp:1121]: invalid component template "SHIELD_RECHARGER".  file: common/global_ship_designs/fallen_empire_ship_designs.txt line: 3987
[09:10:18][ship_design.cpp:1121]: invalid component template "SHIELD_RECHARGER".  file: common/global_ship_designs/fallen_empire_ship_designs.txt line: 3991
[09:10:18][ship_design.cpp:1121]: invalid component template "SHIELD_RECHARGER".  file: common/global_ship_designs/fallen_empire_ship_designs.txt line: 3995
[09:10:18][ship_design.cpp:1121]: invalid component template "SHIELD_RECHARGER".  file: common/global_ship_designs/fallen_empire_ship_designs.txt line: 3999
[09:10:18][ship_design.cpp:1121]: invalid component template "SHIELD_RECHARGER".  file: common/global_ship_designs/fallen_empire_ship_designs.txt line: 4127
[09:10:18][ship_design.cpp:1121]: invalid component template "SHIELD_RECHARGER".  file: common/global_ship_designs/fallen_empire_ship_designs.txt line: 4131
[09:10:18][ship_design.cpp:1112]: invalid component slot "SMALL_UTILITY_1".  file: common/global_ship_designs/fallen_empire_ship_designs.txt line: 4150
[09:10:18][ship_design.cpp:1112]: invalid component slot "SMALL_UTILITY_2".  file: common/global_ship_designs/fallen_empire_ship_designs.txt line: 4154
[09:10:18][ship_design.cpp:1112]: invalid component slot "SMALL_UTILITY_3".  file: common/global_ship_designs/fallen_empire_ship_designs.txt line: 4158
[09:10:18][ship_design.cpp:1112]: invalid component slot "SMALL_UTILITY_4".  file: common/global_ship_designs/fallen_empire_ship_designs.txt line: 4162
[09:10:18][ship_design.cpp:1112]: invalid component slot "AUX_UTILITY_1".  file: common/global_ship_designs/fallen_empire_ship_designs.txt line: 4166
[09:10:18][ship_design.cpp:1121]: invalid component template "SHIELD_RECHARGER".  file: common/global_ship_designs/fallen_empire_ship_designs.txt line: 4167
[09:10:18][ship_design.cpp:1112]: invalid component slot "SMALL_UTILITY_1".  file: common/global_ship_designs/fallen_empire_ship_designs.txt line: 4188
[09:10:18][ship_design.cpp:1112]: invalid component slot "SMALL_UTILITY_2".  file: common/global_ship_designs/fallen_empire_ship_designs.txt line: 4192
[09:10:18][ship_design.cpp:1112]: invalid component slot "SMALL_UTILITY_3".  file: common/global_ship_designs/fallen_empire_ship_designs.txt line: 4196
[09:10:18][ship_design.cpp:1112]: invalid component slot "SMALL_UTILITY_4".  file: common/global_ship_designs/fallen_empire_ship_designs.txt line: 4200
[09:10:18][ship_design.cpp:1112]: invalid component slot "AUX_UTILITY_1".  file: common/global_ship_designs/fallen_empire_ship_designs.txt line: 4204
[09:10:18][ship_design.cpp:1121]: invalid component template "SHIELD_RECHARGER".  file: common/global_ship_designs/fallen_empire_ship_designs.txt line: 4205
[09:10:18][ship_design.cpp:1121]: invalid component template "SHIELD_RECHARGER".  file: common/global_ship_designs/fallen_empire_ship_designs.txt line: 4307
[09:10:18][ship_design.cpp:1121]: invalid component template "SHIELD_RECHARGER".  file: common/global_ship_designs/fallen_empire_ship_designs.txt line: 4311
[09:10:18][ship_design.cpp:1121]: invalid component template "SHIELD_RECHARGER".  file: common/global_ship_designs/fallen_empire_ship_designs.txt line: 4405
[09:10:18][ship_design.cpp:1121]: invalid component template "SHIELD_RECHARGER".  file: common/global_ship_designs/fallen_empire_ship_designs.txt line: 4409
[09:10:18][ship_design.cpp:1121]: invalid component template "SHIELD_RECHARGER".  file: common/global_ship_designs/fallen_empire_ship_designs.txt line: 4503
[09:10:18][ship_design.cpp:1121]: invalid component template "SHIELD_RECHARGER".  file: common/global_ship_designs/fallen_empire_ship_designs.txt line: 4507
[09:10:18][ship_design.cpp:1121]: invalid component template "SHIELD_RECHARGER".  file: common/global_ship_designs/fallen_empire_ship_designs.txt line: 4603
[09:10:18][ship_design.cpp:1121]: invalid component template "SHIELD_RECHARGER".  file: common/global_ship_designs/fallen_empire_ship_designs.txt line: 4607
[09:10:18][ship_design.cpp:1121]: invalid component template "SHIELD_RECHARGER".  file: common/global_ship_designs/fallen_empire_ship_designs.txt line: 4701
[09:10:18][ship_design.cpp:1121]: invalid component template "SHIELD_RECHARGER".  file: common/global_ship_designs/fallen_empire_ship_designs.txt line: 4705
[09:10:18][ship_design.cpp:1121]: invalid component template "SHIELD_RECHARGER".  file: common/global_ship_designs/fallen_empire_ship_designs.txt line: 4799
[09:10:18][ship_design.cpp:1121]: invalid component template "SHIELD_RECHARGER".  file: common/global_ship_designs/fallen_empire_ship_designs.txt line: 4803
[09:10:18][ship_design.cpp:1121]: invalid component template "SHIELD_RECHARGER".  file: common/global_ship_designs/fallen_empire_ship_designs.txt line: 4898
[09:10:18][ship_design.cpp:1121]: invalid component template "SHIELD_RECHARGER".  file: common/global_ship_designs/fallen_empire_ship_designs.txt line: 4902
[09:10:18][ship_design.cpp:1121]: invalid component template "SHIELD_RECHARGER".  file: common/global_ship_designs/fallen_empire_ship_designs.txt line: 4997
[09:10:18][ship_design.cpp:1121]: invalid component template "SHIELD_RECHARGER".  file: common/global_ship_designs/fallen_empire_ship_designs.txt line: 5001
[09:10:18][ship_design.cpp:1121]: invalid component template "SHIELD_RECHARGER".  file: common/global_ship_designs/fallen_empire_ship_designs.txt line: 5096
[09:10:18][ship_design.cpp:1121]: invalid component template "SHIELD_RECHARGER".  file: common/global_ship_designs/fallen_empire_ship_designs.txt line: 5100
[09:10:18][ship_design.cpp:1121]: invalid component template "SHIELD_RECHARGER".  file: common/global_ship_designs/fallen_empire_ship_designs.txt line: 5196
[09:10:18][ship_design.cpp:1121]: invalid component template "SHIELD_RECHARGER".  file: common/global_ship_designs/fallen_empire_ship_designs.txt line: 5291
[09:10:18][ship_design.cpp:1121]: invalid component template "SHIELD_RECHARGER".  file: common/global_ship_designs/fallen_empire_ship_designs.txt line: 5386
[09:10:18][ship_design.cpp:1121]: invalid component template "SHIELD_RECHARGER".  file: common/global_ship_designs/fallen_empire_ship_designs.txt line: 5483
[09:10:18][ship_design.cpp:1121]: invalid component template "SHIELD_RECHARGER".  file: common/global_ship_designs/fallen_empire_ship_designs.txt line: 5578
[09:10:18][ship_design.cpp:1121]: invalid component template "SHIELD_RECHARGER".  file: common/global_ship_designs/fallen_empire_ship_designs.txt line: 5673
[09:10:18][ship_design.cpp:1121]: invalid component template "SHIELD_RECHARGER".  file: common/global_ship_designs/fallen_empire_ship_designs.txt line: 5767
[09:10:18][ship_design.cpp:1121]: invalid component template "SHIELD_RECHARGER".  file: common/global_ship_designs/fallen_empire_ship_designs.txt line: 5861
[09:10:18][ship_design.cpp:1121]: invalid component template "SHIELD_RECHARGER".  file: common/global_ship_designs/fallen_empire_ship_designs.txt line: 5955
[09:10:18][ship_design.cpp:1121]: invalid component template "LARGE_ARC_EMITTER_1".  file: common/global_ship_designs/fallen_empire_ship_designs.txt line: 5983
[09:10:18][ship_design.cpp:1121]: invalid component template "SHIELD_RECHARGER".  file: common/global_ship_designs/fallen_empire_ship_designs.txt line: 6051
[09:10:18][ship_design.cpp:1121]: invalid component template "SHIELD_RECHARGER".  file: common/global_ship_designs/fallen_empire_ship_designs.txt line: 6055
[09:10:18][ship_design.cpp:1121]: invalid component template "LARGE_ARC_EMITTER_1".  file: common/global_ship_designs/fallen_empire_ship_designs.txt line: 6081
[09:10:18][ship_design.cpp:1121]: invalid component template "SHIELD_RECHARGER".  file: common/global_ship_designs/fallen_empire_ship_designs.txt line: 6149
[09:10:18][ship_design.cpp:1121]: invalid component template "SHIELD_RECHARGER".  file: common/global_ship_designs/fallen_empire_ship_designs.txt line: 6153
[09:10:18][ship_design.cpp:1121]: invalid component template "LARGE_ARC_EMITTER_1".  file: common/global_ship_designs/fallen_empire_ship_designs.txt line: 6179
[09:10:18][ship_design.cpp:1121]: invalid component template "SHIELD_RECHARGER".  file: common/global_ship_designs/fallen_empire_ship_designs.txt line: 6247
[09:10:18][ship_design.cpp:1121]: invalid component template "SHIELD_RECHARGER".  file: common/global_ship_designs/fallen_empire_ship_designs.txt line: 6251
[09:10:18][ship_design.cpp:1121]: invalid component template "SHIELD_RECHARGER".  file: common/global_ship_designs/fallen_empire_ship_designs.txt line: 6345
[09:10:18][ship_design.cpp:1121]: invalid component template "SHIELD_RECHARGER".  file: common/global_ship_designs/fallen_empire_ship_designs.txt line: 6439
[09:10:18][ship_design.cpp:1121]: invalid component template "SHIELD_RECHARGER".  file: common/global_ship_designs/fallen_empire_ship_designs.txt line: 6533
[09:10:18][ship_design.cpp:1121]: invalid component template "SHIELD_RECHARGER".  file: common/global_ship_designs/guardian_designs.txt line: 197
[09:10:18][ship_design.cpp:1121]: invalid component template "SHIELD_RECHARGER".  file: common/global_ship_designs/guardian_designs.txt line: 201
[09:10:18][ship_design.cpp:1121]: invalid component template "SHIELD_RECHARGER".  file: common/global_ship_designs/guardian_designs.txt line: 205
[09:10:18][ship_design.cpp:1121]: invalid component template "SHIELD_RECHARGER".  file: common/global_ship_designs/guardian_designs.txt line: 407
[09:10:18][ship_design.cpp:1121]: invalid component template "SHIELD_RECHARGER".  file: common/global_ship_designs/guardian_designs.txt line: 411
[09:10:18][ship_design.cpp:1121]: invalid component template "SHIELD_RECHARGER".  file: common/global_ship_designs/guardian_designs.txt line: 415
[09:10:18][ship_design.cpp:1121]: invalid component template "SHIELD_RECHARGER".  file: common/global_ship_designs/guardian_designs.txt line: 615
[09:10:18][ship_design.cpp:1121]: invalid component template "SHIELD_RECHARGER".  file: common/global_ship_designs/guardian_designs.txt line: 619
[09:10:18][ship_design.cpp:1121]: invalid component template "SHIELD_RECHARGER".  file: common/global_ship_designs/guardian_designs.txt line: 623
[09:10:18][ship_design.cpp:1121]: invalid component template "SHIELD_RECHARGER".  file: common/global_ship_designs/guardian_designs.txt line: 823
[09:10:18][ship_design.cpp:1121]: invalid component template "SHIELD_RECHARGER".  file: common/global_ship_designs/guardian_designs.txt line: 827
[09:10:18][ship_design.cpp:1121]: invalid component template "SHIELD_RECHARGER".  file: common/global_ship_designs/guardian_designs.txt line: 831
[09:10:18][ship_design.cpp:1121]: invalid component template "SHIELD_RECHARGER".  file: common/global_ship_designs/guardian_designs.txt line: 1040
[09:10:18][ship_design.cpp:1121]: invalid component template "SHIELD_RECHARGER".  file: common/global_ship_designs/guardian_designs.txt line: 1084
[09:10:18][ship_design.cpp:1121]: invalid component template "SHIELD_RECHARGER".  file: common/global_ship_designs/guardian_designs.txt line: 1132
[09:10:18][ship_design.cpp:1121]: invalid component template "SHIELD_RECHARGER".  file: common/global_ship_designs/guardian_designs.txt line: 1192
[09:10:18][ship_design.cpp:1121]: invalid component template "SHIELD_RECHARGER".  file: common/global_ship_designs/guardian_designs.txt line: 1288
[09:10:18][ship_design.cpp:1121]: invalid component template "SHIELD_RECHARGER".  file: common/global_ship_designs/guardian_designs.txt line: 1620
[09:10:18][ship_design.cpp:1121]: invalid component template "SHIELD_RECHARGER".  file: common/global_ship_designs/guardian_designs.txt line: 1624
[09:10:18][ship_design.cpp:1121]: invalid component template "SHIELD_RECHARGER".  file: common/global_ship_designs/guardian_designs.txt line: 1628
[09:10:18][ship_design.cpp:1121]: invalid component template "SHIELD_RECHARGER".  file: common/global_ship_designs/guardian_designs.txt line: 1801
[09:10:18][ship_design.cpp:1121]: invalid component template "SHIELD_RECHARGER".  file: common/global_ship_designs/guardian_designs.txt line: 1805
[09:10:18][ship_design.cpp:1121]: invalid component template "SHIELD_RECHARGER".  file: common/global_ship_designs/guardian_designs.txt line: 1809
[09:10:18][ship_design.cpp:1121]: invalid component template "SHIELD_RECHARGER".  file: common/global_ship_designs/guardian_designs.txt line: 1982
[09:10:18][ship_design.cpp:1121]: invalid component template "SHIELD_RECHARGER".  file: common/global_ship_designs/guardian_designs.txt line: 1986
[09:10:18][ship_design.cpp:1121]: invalid component template "SHIELD_RECHARGER".  file: common/global_ship_designs/guardian_designs.txt line: 1990
[09:10:18][ship_design.cpp:1121]: invalid component template "SHIELD_RECHARGER".  file: common/global_ship_designs/guardian_designs.txt line: 2163
[09:10:18][ship_design.cpp:1121]: invalid component template "SHIELD_RECHARGER".  file: common/global_ship_designs/guardian_designs.txt line: 2167
[09:10:18][ship_design.cpp:1121]: invalid component template "SHIELD_RECHARGER".  file: common/global_ship_designs/guardian_designs.txt line: 2171
[09:10:18][ship_design.cpp:1121]: invalid component template "SHIELD_RECHARGER".  file: common/global_ship_designs/guardian_designs.txt line: 2344
[09:10:18][ship_design.cpp:1121]: invalid component template "SHIELD_RECHARGER".  file: common/global_ship_designs/guardian_designs.txt line: 2348
[09:10:18][ship_design.cpp:1121]: invalid component template "SHIELD_RECHARGER".  file: common/global_ship_designs/guardian_designs.txt line: 2352
[09:10:18][ship_design.cpp:1121]: invalid component template "SHIELD_RECHARGER".  file: common/global_ship_designs/guardian_designs.txt line: 2525
[09:10:18][ship_design.cpp:1121]: invalid component template "SHIELD_RECHARGER".  file: common/global_ship_designs/guardian_designs.txt line: 2529
[09:10:18][ship_design.cpp:1121]: invalid component template "SHIELD_RECHARGER".  file: common/global_ship_designs/guardian_designs.txt line: 2533
[09:10:18][ship_design.cpp:1121]: invalid component template "SHIELD_RECHARGER".  file: common/global_ship_designs/guardian_designs.txt line: 2748
[09:10:18][ship_design.cpp:1121]: invalid component template "SHIELD_RECHARGER".  file: common/global_ship_designs/guardian_designs.txt line: 2752
[09:10:18][ship_design.cpp:1121]: invalid component template "AFTERBURNER_1".  file: common/global_ship_designs/pirate_ship_designs.txt line: 200
[09:10:18][ship_design.cpp:1121]: invalid component template "AFTERBURNER_1".  file: common/global_ship_designs/pirate_ship_designs.txt line: 246
[09:10:18][ship_design.cpp:1121]: invalid component template "AFTERBURNER_1".  file: common/global_ship_designs/pirate_ship_designs.txt line: 292
[09:10:18][ship_design.cpp:1121]: invalid component template "AFTERBURNER_1".  file: common/global_ship_designs/pirate_ship_designs.txt line: 342
[09:10:18][ship_design.cpp:1121]: invalid component template "AFTERBURNER_1".  file: common/global_ship_designs/pirate_ship_designs.txt line: 387
[09:10:18][ship_design.cpp:1121]: invalid component template "AFTERBURNER_1".  file: common/global_ship_designs/pirate_ship_designs.txt line: 449
[09:10:18][ship_design.cpp:1121]: invalid component template "AFTERBURNER_1".  file: common/global_ship_designs/pirate_ship_designs.txt line: 515
[09:10:18][ship_design.cpp:1121]: invalid component template "AFTERBURNER_1".  file: common/global_ship_designs/pirate_ship_designs.txt line: 590
[09:10:18][ship_design.cpp:1121]: invalid component template "AFTERBURNER_1".  file: common/global_ship_designs/pirate_ship_designs.txt line: 594
[09:10:18][ship_design.cpp:1121]: invalid component template "SHIELD_RECHARGER".  file: common/global_ship_designs/utopia_designs.txt line: 29
[09:10:21][game_singleobjectdatabase.h:132]: Object with key: synchronized_defenses already exists
[09:10:22][technology.cpp:780]: Failed to find icon for technology: tech_networked_targetting_node_1 (gfx/interface/icons/technologies/tech_networked_targetting_node_1.dds)
[09:10:22][technology.cpp:780]: Failed to find icon for technology: tech_networked_targetting_node_2 (gfx/interface/icons/technologies/tech_networked_targetting_node_2.dds)
[09:10:22][technology.cpp:780]: Failed to find icon for technology: tech_graviton_hammer_1 (gfx/interface/icons/technologies/tech_graviton_hammer_1.dds)
[09:10:22][technology.cpp:780]: Failed to find icon for technology: tech_graviton_hammer_2 (gfx/interface/icons/technologies/tech_graviton_hammer_2.dds)
[09:10:22][technology.cpp:780]: Failed to find icon for technology: tech_graviton_hammer_3 (gfx/interface/icons/technologies/tech_graviton_hammer_3.dds)
[09:10:22][technology.cpp:780]: Failed to find icon for technology: tech_swarmer_drones_1 (gfx/interface/icons/technologies/tech_swarmer_drones_1.dds)
[09:10:22][technology.cpp:780]: Failed to find icon for technology: tech_swarmer_drones_2 (gfx/interface/icons/technologies/tech_swarmer_drones_2.dds)
[09:10:22][technology.cpp:780]: Failed to find icon for technology: tech_swarmer_drones_3 (gfx/interface/icons/technologies/tech_swarmer_drones_3.dds)
[09:10:22][technology.cpp:780]: Failed to find icon for technology: tech_hull_plating_4 (gfx/interface/icons/technologies/tech_hull_plating_4.dds)
[09:10:22][technology.cpp:780]: Failed to find icon for technology: tech_hull_plating_5 (gfx/interface/icons/technologies/tech_hull_plating_5.dds)
[09:10:22][technology.cpp:780]: Failed to find icon for technology: tech_sensors_5 (gfx/interface/icons/technologies/tech_sensors_5.dds)
[09:10:23][technology.cpp:780]: Failed to find icon for technology: tech_ecm_package_1 (gfx/interface/icons/technologies/tech_ecm_package_1.dds)
[09:10:23][technology.cpp:780]: Failed to find icon for technology: tech_ecm_package_2 (gfx/interface/icons/technologies/tech_ecm_package_2.dds)
[09:10:23][technology.cpp:780]: Failed to find icon for technology: tech_ecm_package_3 (gfx/interface/icons/technologies/tech_ecm_package_3.dds)
[09:10:23][technology.cpp:780]: Failed to find icon for technology: tech_targeting_optronics_1 (gfx/interface/icons/technologies/tech_targeting_optronics_1.dds)
[09:10:23][technology.cpp:780]: Failed to find icon for technology: tech_targeting_optronics_2 (gfx/interface/icons/technologies/tech_targeting_optronics_2.dds)
[09:10:23][technology.cpp:780]: Failed to find icon for technology: tech_targeting_optronics_3 (gfx/interface/icons/technologies/tech_targeting_optronics_3.dds)
[09:10:23][technology.cpp:780]: Failed to find icon for technology: tech_shield_recharge_aura_2 (gfx/interface/icons/technologies/tech_shield_recharge_aura_2.dds)
[09:10:23][technology.cpp:780]: Failed to find icon for technology: tech_auto_repair_swarm_1 (gfx/interface/icons/technologies/tech_auto_repair_swarm_1.dds)
[09:10:23][technology.cpp:780]: Failed to find icon for technology: tech_auto_repair_swarm_2 (gfx/interface/icons/technologies/tech_auto_repair_swarm_2.dds)
[09:10:23][technology.cpp:780]: Failed to find icon for technology: tech_barrier_field_generators_1 (gfx/interface/icons/technologies/tech_barrier_field_generators_1.dds)
[09:10:23][technology.cpp:780]: Failed to find icon for technology: tech_barrier_field_generators_2 (gfx/interface/icons/technologies/tech_barrier_field_generators_2.dds)
